[2016.06.02-12.05.50:924][  0]Log file open, 06/02/16 14:05:50
[2016.06.02-12.05.50:924][  0]LogInit:Display: Running engine for game: RaftRaptorRavage
[2016.06.02-12.05.50:924][  0]LogPlatformFile: Not using cached read wrapper
[2016.06.02-12.05.50:924][  0]LogInit:Display: RandInit(1712942049) SRandInit(1712942051).
[2016.06.02-12.05.50:924][  0]LogTaskGraph: Started task graph with 4 named threads and 7 total threads.
[2016.06.02-12.05.50:924][  0]LogStats: Stats thread started at 0.086378
[2016.06.02-12.05.50:924][  0]LogInit: Version: 4.10.4-2872498+++depot+UE4-Releases+4.10
[2016.06.02-12.05.50:924][  0]LogInit: API Version: 2758231
[2016.06.02-12.05.50:924][  0]LogInit: Compiled (64-bit): Feb 18 2016 15:47:04
[2016.06.02-12.05.50:924][  0]LogInit: Compiled with Visual C++: 19.00.23026.00
[2016.06.02-12.05.50:924][  0]LogInit: Build Configuration: Development
[2016.06.02-12.05.50:924][  0]LogInit: Branch Name: ++depot+UE4-Releases+4.10
[2016.06.02-12.05.50:924][  0]LogInit: Command line: -EpicPortal 
[2016.06.02-12.05.50:924][  0]LogInit: Base directory: D:/Unreal/Epic Games/4.10/Engine/Binaries/Win64/
[2016.06.02-12.05.50:924][  0]LogInit: Rocket: 1
[2016.06.02-12.05.50:939][  0]LogInit: Using libcurl 7.41.0
[2016.06.02-12.05.50:939][  0]LogInit:  - built for x86_64-pc-win32
[2016.06.02-12.05.50:939][  0]LogInit:  - supports SSL with WinSSL
[2016.06.02-12.05.50:939][  0]LogInit:  - other features:
[2016.06.02-12.05.50:939][  0]LogInit:      CURL_VERSION_SSL
[2016.06.02-12.05.50:939][  0]LogInit:      CURL_VERSION_IPV6
[2016.06.02-12.05.50:939][  0]LogInit:      CURL_VERSION_ASYNCHDNS
[2016.06.02-12.05.50:939][  0]LogInit:      CURL_VERSION_LARGEFILE
[2016.06.02-12.05.50:939][  0]LogInit:      CURL_VERSION_IDN
[2016.06.02-12.05.50:940][  0]LogInit:  CurlRequestOptions (configurable via config and command line):
[2016.06.02-12.05.50:940][  0]LogInit:  - bVerifyPeer = true  - Libcurl will verify peer certificate
[2016.06.02-12.05.50:940][  0]LogInit:  - bUseHttpProxy = false  - Libcurl will NOT use HTTP proxy
[2016.06.02-12.05.50:940][  0]LogInit:  - bDontReuseConnections = false  - Libcurl will reuse connections
[2016.06.02-12.05.50:940][  0]LogInit:  - CertBundlePath = nullptr  - Libcurl will use whatever was configured at build time.
[2016.06.02-12.05.50:973][  0]LogInit: Presizing for 0 objects not considered by GC, pre-allocating 0 bytes.
[2016.06.02-12.05.50:980][  0]LogInit: Object subsystem initialized
[2016.06.02-12.05.50:983][  0]LogInit: Selected Device Profile: [Windows]
[2016.06.02-12.05.50:983][  0]LogInit: Applying CVar settings loaded from the selected device profile: [Windows]
[2016.06.02-12.05.50:997][  0]LogInit: Computer: FALPSQD046
[2016.06.02-12.05.50:997][  0]LogInit: User: leilhall
[2016.06.02-12.05.50:997][  0]LogInit: CPU Page size=4096, Cores=4
[2016.06.02-12.05.50:997][  0]LogInit: High frequency timer resolution =3.312949 MHz
[2016.06.02-12.05.50:997][  0]LogMemory: Memory total: Physical=7.9GB (8GB approx)
[2016.06.02-12.05.50:997][  0]LogMemory: Platform Memory Stats for Windows
[2016.06.02-12.05.50:997][  0]LogMemory: Process Physical Memory: 56.74 MB used, 56.74 MB peak
[2016.06.02-12.05.50:997][  0]LogMemory: Process Virtual Memory: 59.61 MB used, 59.61 MB peak
[2016.06.02-12.05.50:997][  0]LogMemory: Physical Memory: 5599.30 MB used, 8113.60 MB total
[2016.06.02-12.05.50:997][  0]LogMemory: Virtual Memory: 355.63 MB used, 8388608.00 MB total
[2016.06.02-12.05.51:190][  0]LogTextLocalizationManager: No translations for ('sv-SE') exist, falling back to 'en' for localization and internationalization data.
[2016.06.02-12.05.51:671][  0]LogD3D11RHI: Found D3D11 adapter 0: NVIDIA GeForce GTX 660   (Feature Level 11_0)
[2016.06.02-12.05.51:671][  0]LogD3D11RHI: Adapter has 1989MB of dedicated video memory, 0MB of dedicated system memory, and 2048MB of shared system memory, 1 output[s]
[2016.06.02-12.05.51:671][  0]LogD3D11RHI: Chosen D3D11 Adapter Id = 0
[2016.06.02-12.05.51:675][  0]LogD3D11RHI: !Direct3DDevice
[2016.06.02-12.05.51:675][  0]LogRHI: Texture pool is 1361 MB (70% of 1945 MB)
[2016.06.02-12.05.51:683][  0]LogD3D11RHI: Async texture creation enabled
[2016.06.02-12.05.51:698][  0]LogShaderCompilers: Guid format shader working directory is 18 characters bigger than the processId version (../../../../../RaftRaptorRavage/Intermediate/Shaders/WorkingDirectory/2832/).
[2016.06.02-12.05.51:698][  0]LogShaderCompilers: Cleaned the shader compiler working directory 'C:/Users/leilhall/AppData/Local/Temp/UnrealShaderWorkingDir/9F6DD1884C0A3D38E3E239A6C16BB216/'.
[2016.06.02-12.05.51:698][  0]LogShaderCompilers:Display: Using Local Shader Compiler.
[2016.06.02-12.05.53:018][  0]LogTemp:Display: Loaded TP AllDesktopTargetPlatform
[2016.06.02-12.05.53:021][  0]LogTemp:Display: Loaded TP WindowsClientTargetPlatform
[2016.06.02-12.05.53:025][  0]LogTemp:Display: Loaded TP WindowsNoEditorTargetPlatform
[2016.06.02-12.05.53:028][  0]LogTemp:Display: Loaded TP WindowsServerTargetPlatform
[2016.06.02-12.05.53:032][  0]LogTemp:Display: Loaded TP WindowsTargetPlatform
[2016.06.02-12.05.53:036][  0]LogTemp:Display: Loaded TP AndroidTargetPlatform
[2016.06.02-12.05.53:039][  0]LogTemp:Display: Loaded TP Android_ASTCTargetPlatform
[2016.06.02-12.05.53:041][  0]LogTemp:Display: Loaded TP Android_ATCTargetPlatform
[2016.06.02-12.05.53:043][  0]LogTemp:Display: Loaded TP Android_DXTTargetPlatform
[2016.06.02-12.05.53:046][  0]LogTemp:Display: Loaded TP Android_ETC1TargetPlatform
[2016.06.02-12.05.53:048][  0]LogTemp:Display: Loaded TP Android_ETC2TargetPlatform
[2016.06.02-12.05.53:054][  0]LogTemp:Display: Loaded TP Android_MultiTargetPlatform
[2016.06.02-12.05.53:054][  0]LogTemp:Display: Loaded TP Android_PVRTCTargetPlatform
[2016.06.02-12.05.53:054][  0]LogTemp:Display: Loaded TP HTML5TargetPlatform
[2016.06.02-12.05.53:088][  0]LogTemp:Display: Loaded TP IOSTargetPlatform
[2016.06.02-12.05.53:090][  0]LogTemp:Display: Loaded TP LinuxNoEditorTargetPlatform
[2016.06.02-12.05.53:092][  0]LogTemp:Display: Loaded TP LinuxServerTargetPlatform
[2016.06.02-12.05.53:096][  0]LogTemp:Display: Loaded TP LinuxTargetPlatform
[2016.06.02-12.05.53:097][  0]LogTargetPlatformManager:Display: Building Assets For Windows
[2016.06.02-12.05.53:328][  0]LogDerivedDataCache:Display: Max Cache Size: 512 MB
[2016.06.02-12.05.53:372][  0]LogDerivedDataCache: Loaded boot cache 0.04s 41MB C:/Users/leilhall/AppData/Local/UnrealEngine/4.10/DerivedDataCache/Boot.ddc.
[2016.06.02-12.05.53:372][  0]LogDerivedDataCache:Display: Loaded Boot cache: C:/Users/leilhall/AppData/Local/UnrealEngine/4.10/DerivedDataCache/Boot.ddc
[2016.06.02-12.05.53:372][  0]LogDerivedDataCache: FDerivedDataBackendGraph:  Pak pak cache file ../../../../../RaftRaptorRavage/DerivedDataCache/DDC.ddp not found, will not use a pak cache.
[2016.06.02-12.05.53:372][  0]LogDerivedDataCache: Unable to find inner node Pak for hierarchical cache Hierarchy.
[2016.06.02-12.05.53:372][  0]LogDerivedDataCache: FDerivedDataBackendGraph:  CompressedPak pak cache file ../../../../../RaftRaptorRavage/DerivedDataCache/Compressed.ddp not found, will not use a pak cache.
[2016.06.02-12.05.53:372][  0]LogDerivedDataCache: Unable to find inner node CompressedPak for hierarchical cache Hierarchy.
[2016.06.02-12.05.53:428][  0]LogDerivedDataCache:Display: Pak cache opened for reading ../../../Engine/DerivedDataCache/Compressed.ddp.
[2016.06.02-12.05.53:440][  0]LogDerivedDataCache: Using Local data cache path C:/Users/leilhall/AppData/Local/UnrealEngine/Common/DerivedDataCache: Writable
[2016.06.02-12.05.55:565][  0]LogInit: Selected Device Profile: [Windows]
[2016.06.02-12.05.55:566][  0]LogContentStreaming: Texture pool size is 0.000000MB
[2016.06.02-12.05.55:624][  0]LogMeshUtilities: No automatic mesh reduction module available
[2016.06.02-12.05.55:624][  0]LogMeshUtilities: No automatic mesh merging module available
[2016.06.02-12.05.56:151][  0]LogInit: WinSock: version 1.1 (2.2), MaxSocks=32767, MaxUdp=65467
[2016.06.02-12.05.57:425][  0]UdpMessaging: Initializing bridge on interface 0.0.0.0:0 to multicast group 230.0.0.1:6666.
[2016.06.02-12.05.57:426][  0]FUdpSocketBuilder: Failed to create the socket UdpMessageMulticastSocket as configured
[2016.06.02-12.05.57:426][  0]UdpMessageTransport.StartTransport: Failed to create multicast socket on 0.0.0.0:0, joined to 230.0.0.1:6666 with TTL 1
[2016.06.02-12.05.57:512][  0]LogAssetRegistry: FAssetRegistry took 0.0105 seconds to start up
[2016.06.02-12.05.57:714][  0]SourceControl: Info Source control is disabled
[2016.06.02-12.05.57:715][  0]SourceControl: Info Source control is disabled
[2016.06.02-12.05.57:723][  0]SourceControl: Info Source control is disabled
[2016.06.02-12.05.57:731][  0]SourceControl: Info Source control is disabled
[2016.06.02-12.05.57:982][  0]LogObj: 28633 objects as part of root set at end of initial load.
[2016.06.02-12.05.57:982][  0]LogUObjectAllocator: 6099744 out of 0 bytes used by permanent object pool.
[2016.06.02-12.05.58:043][  0]LogEngine: Initializing Engine...
[2016.06.02-12.05.58:045][  0]LogHMD: Can't find Oculus library dev build: is proper Runtime installed? Version: 0.8.0.0
[2016.06.02-12.05.58:054][  0]LogHMD: SteamVR failed to initialize.  Err: 110
[2016.06.02-12.05.58:231][  0]LogAIModule: Creating AISystem for world NewWorld
[2016.06.02-12.05.58:237][  0]LogInit: XAudio2 using 'Speakers (Conexant HD Audio)' : 2 channels at 44.1 kHz using 16 bits per sample (channel mask 0x3)
[2016.06.02-12.05.58:267][  0]LogInit: FAudioDevice initialized.
[2016.06.02-12.05.58:287][  0]LogDerivedDataCache: Saved boot cache 0.02s 41MB C:/Users/leilhall/AppData/Local/UnrealEngine/4.10/DerivedDataCache/Boot.ddc.
[2016.06.02-12.05.58:291][  0]LogInit: Texture streaming: Enabled
[2016.06.02-12.05.58:295][  0]LogAnalytics: Creating configured Analytics provider AnalyticsET
[2016.06.02-12.05.58:295][  0]LogAnalytics: [UEEditor.Rocket.Release] APIServer = http://et2.epicgames.com/ET2/. AppVersion = 4.10.4-2872498+++depot+UE4-Releases+4.10
[2016.06.02-12.05.58:295][  0]LogAnalytics: [UEEditor.Rocket.Release] SetUserId a02d4c1d43eadf1ab885f3b9d1f90c1d|a1a978eff11c4f82ab21f306966c18ac|5dbe705e-4e3e-42d3-af4a-0af2d8b854ab
[2016.06.02-12.05.58:295][  0]LogAnalytics: [UEEditor.Rocket.Release] AnalyticsET::StartSession
[2016.06.02-12.05.58:305][  0]LogInit: Transaction tracking system initialized
[2016.06.02-12.05.58:327][  0]BlueprintLog: New page: Editor Load
[2016.06.02-12.05.58:390][  0]LogInit:Warning: CVar named 'r.MobileHDR' marked up in RendererSettings was not found or is set to read-only
[2016.06.02-12.05.59:720][  0]LocalizationService: Info Localization service is disabled
[2016.06.02-12.05.59:880][  0]LogConsoleResponse:Display: 
[2016.06.02-12.06.00:011][  0]LogFileCache: Scanning file cache for directory 'D:/Unreal/RaftRaptorRavage/Content/' took 0.01s
[2016.06.02-12.06.00:011][  0]LogCook:Display: Done creating registry. It took  0.00s.
[2016.06.02-12.06.00:068][  0]SourceControl: Info Source control is disabled
[2016.06.02-12.06.00:068][  0]Cmd: MAP LOAD FILE="../../../../../RaftRaptorRavage/Content/FirstPersonBP/Maps/FirstPersonExampleMap.umap" TEMPLATE=0 SHOWPROGRESS=1 FEATURELEVEL=3
[2016.06.02-12.06.00:068][  0]LightingResults: New page: Lighting Build
[2016.06.02-12.06.00:070][  0]MapCheck: New page: Map Check
[2016.06.02-12.06.00:070][  0]LightingResults: New page: Lighting Build
[2016.06.02-12.06.00:079][  0]LogParticles: Destroying 0 GPU particle simulations for FXSystem 0x0000000020452160
[2016.06.02-12.06.00:362][  0]LogLinker:Warning: Asset '../../../../../RaftRaptorRavage/Content/FirstPerson/Meshes/FirstPersonProjectileMesh.uasset' has been saved with empty engine version. The asset will be loaded but may be incompatible.
[2016.06.02-12.06.01:457][  0]LogAIModule: Creating AISystem for world FirstPersonExampleMap
[2016.06.02-12.06.01:792][  0]LogEditorServer: Finished looking for orphan Actors (0.000 secs)
[2016.06.02-12.06.01:799][  0]Cmd: MAP CHECKDEP NOCLEARLOG
[2016.06.02-12.06.01:854][  0]MapCheck: Info Map check complete: 0 Error(s), 0 Warning(s), took 54.384ms to complete.
[2016.06.02-12.06.01:854][  0]LogFileHelpers: Loading map 'FirstPersonExampleMap' took 1.786
[2016.06.02-12.06.02:703][  0]LogCollectionManager: Loaded 0 collections in 0.001567 seconds
[2016.06.02-12.06.02:933][  0]LogFileCache: Scanning file cache for directory 'D:/Unreal/RaftRaptorRavage/Saved/Collections/' took 0.01s
[2016.06.02-12.06.02:933][  0]LogFileCache: Scanning file cache for directory 'D:/Unreal/RaftRaptorRavage/Content/Developers/leilhall/Collections/' took 0.01s
[2016.06.02-12.06.02:933][  0]LogFileCache: Scanning file cache for directory 'D:/Unreal/RaftRaptorRavage/Content/Collections/' took 0.01s
[2016.06.02-12.06.02:933][  0]LogCollectionManager: Rebuilt the GUID cache for 0 collections in 0.000002 seconds
[2016.06.02-12.06.02:981][  0]LogContentBrowser: Native class hierarchy populated in 0.0139 seconds. Added 1893 classes and 338 folders.
[2016.06.02-12.06.03:082][  0]LogContentBrowser: Native class hierarchy updated for 'WidgetCarousel' in 0.0008 seconds. Added 0 classes and 0 folders.
[2016.06.02-12.06.03:138][  0]LogContentBrowser: Native class hierarchy updated for 'AddContentDialog' in 0.0003 seconds. Added 0 classes and 0 folders.
[2016.06.02-12.06.03:173][  0]LogContentBrowser: Native class hierarchy updated for 'SceneOutliner' in 0.0003 seconds. Added 1 classes and 2 folders.
[2016.06.02-12.06.04:573][  0]LogCrashTracker: Crashtracker disabled due to settings.
[2016.06.02-12.06.04:856][  0]LogUObjectGlobals:Warning: Failed to find object 'Class None.'
[2016.06.02-12.06.04:892][  0]LogLoad: Full Startup: 14.65 seconds (BP compile: 0.24 seconds)
[2016.06.02-12.06.04:905][  0]LogOcInput: Can't find Oculus library dev build: is proper Runtime installed? Version: 0.8.0.0
[2016.06.02-12.06.05:734][  0]LogContentStreaming: Texture pool size now 1000 MB
[2016.06.02-12.06.06:326][  0]LogRenderer: Reallocating scene render targets to support 1208x572 (Frame:2).
[2016.06.02-12.06.10:860][ 61]LogAssetRegistry: Asset discovery search completed in 13.3586 seconds
[2016.06.02-12.06.10:860][ 61]LogCollectionManager: Rebuilt the object cache for 0 collections in 0.000001 seconds (found 0 objects)
[2016.06.02-12.06.10:860][ 61]LogCollectionManager: Fixed up redirectors for 0 collections in 0.000024 seconds (updated 0 objects)
[2016.06.02-12.06.20:194][885]LightingResults: New page: Lighting Build
[2016.06.02-12.06.20:211][885]MapCheck: New page: Map Check
[2016.06.02-12.06.20:211][885]LightingResults: New page: Lighting Build
[2016.06.02-12.06.20:212][885]LogActorComponent: UnregisterComponent: (/Engine/Transient.ProjectileMovementComponent_40__A6522401) Not registered. Aborting.
[2016.06.02-12.06.20:212][885]LogActorComponent: UnregisterComponent: (/Engine/Transient.CharMoveComp) Not registered. Aborting.
[2016.06.02-12.06.20:266][885]LogParticles: Destroying 0 GPU particle simulations for FXSystem 0x00000000110BF380
[2016.06.02-12.06.20:287][885]LogAIModule: Creating AISystem for world NewWorld
[2016.06.02-12.06.20:301][885]LoadErrors: New page: New Map
[2016.06.02-12.06.26:629][593]Cmd: BRUSH ADD SELECTNEWBRUSH
[2016.06.02-12.06.56:561][143]LogEditorViewport: Clicking Background
[2016.06.02-12.07.17:742][587]LogPlayLevel: PlayLevel: No blueprints needed recompiling
[2016.06.02-12.07.17:771][587]PIE: New page: PIE session: Untitled_1 (Jun 2, 2016, 4:07:17 PM)
[2016.06.02-12.07.17:772][587]LogPlayLevel: Creating play world package: /Temp/UEDPIE_0_Untitled_1
[2016.06.02-12.07.17:802][587]LogPlayLevel: PIE: StaticDuplicateObject took: (0.030541s)
[2016.06.02-12.07.17:803][587]LogAIModule: Creating AISystem for world NewWorld
[2016.06.02-12.07.17:803][587]LogPlayLevel: PIE: World Init took: (0.001029s)
[2016.06.02-12.07.17:804][587]LogPlayLevel: PIE: Created PIE world by copying editor world from /Temp/Untitled_1.NewWorld to /Temp/UEDPIE_0_Untitled_1.NewWorld (0.032335s)
[2016.06.02-12.07.17:804][587]LogActorComponent: UnregisterComponent: (/Engine/Transient.ProjectileMovementComponent_40__A6522401) Not registered. Aborting.
[2016.06.02-12.07.17:804][587]LogActorComponent: UnregisterComponent: (/Engine/Transient.CharMoveComp) Not registered. Aborting.
[2016.06.02-12.07.17:835][587]LogInit: XAudio2 using 'Speakers (Conexant HD Audio)' : 2 channels at 44.1 kHz using 16 bits per sample (channel mask 0x3)
[2016.06.02-12.07.17:854][587]LogInit: FAudioDevice initialized.
[2016.06.02-12.07.17:958][587]LogLinker:Warning: Asset '../../../../../RaftRaptorRavage/Content/FirstPersonBP/Blueprints/FirstPersonHUD.uasset' has been saved with empty engine version. The asset will be loaded but may be incompatible.
[2016.06.02-12.07.18:004][587]LogWorld: Game class is 'FirstPersonGameMode_C'
[2016.06.02-12.07.18:091][587]LogWorld: Bringing World /Temp/UEDPIE_0_Untitled_1.NewWorld up for play (max tick rate 0) at 2016.06.02-14.07.18
[2016.06.02-12.07.18:091][587]LogActor:Warning: GameSession /Temp/UEDPIE_0_Untitled_1.NewWorld:PersistentLevel.GameSession_0 has natively added scene component(s), but none of them were set as the actor's RootComponent - picking one arbitrarily
[2016.06.02-12.07.18:092][587]LogActor:Warning: GameNetworkManager /Temp/UEDPIE_0_Untitled_1.NewWorld:PersistentLevel.GameNetworkManager_0 has natively added scene component(s), but none of them were set as the actor's RootComponent - picking one arbitrarily
[2016.06.02-12.07.18:099][587]LogWorld: Bringing up level for play took: 0.009447
[2016.06.02-12.07.18:237][587]PIE: Info Play in editor start time for /Temp/UEDPIE_0_Untitled_1 1.411
[2016.06.02-12.07.20:089][770]LogParticles: Destroying 0 GPU particle simulations for FXSystem 0x000000000EDE3EC0
[2016.06.02-12.07.26:181][479]LogPlayLevel: PlayLevel: No blueprints needed recompiling
[2016.06.02-12.07.26:181][479]PIE: New page: PIE session: Untitled_1 (Jun 2, 2016, 4:07:26 PM)
[2016.06.02-12.07.26:181][479]LogPlayLevel: Creating play world package: /Temp/UEDPIE_0_Untitled_1
[2016.06.02-12.07.26:182][479]LogPlayLevel: PIE: StaticDuplicateObject took: (0.001440s)
[2016.06.02-12.07.26:183][479]LogAIModule: Creating AISystem for world NewWorld
[2016.06.02-12.07.26:183][479]LogPlayLevel: PIE: World Init took: (0.000528s)
[2016.06.02-12.07.26:183][479]LogPlayLevel: PIE: Created PIE world by copying editor world from /Temp/Untitled_1.NewWorld to /Temp/UEDPIE_0_Untitled_1.NewWorld (0.002136s)
[2016.06.02-12.07.26:196][479]LogInit: XAudio2 using 'Speakers (Conexant HD Audio)' : 2 channels at 44.1 kHz using 16 bits per sample (channel mask 0x3)
[2016.06.02-12.07.26:207][479]LogInit: FAudioDevice initialized.
[2016.06.02-12.07.26:239][479]LogWorld: Game class is 'FirstPersonGameMode_C'
[2016.06.02-12.07.26:240][479]LogWorld: Bringing World /Temp/UEDPIE_0_Untitled_1.NewWorld up for play (max tick rate 0) at 2016.06.02-14.07.26
[2016.06.02-12.07.26:240][479]LogActor:Warning: GameSession /Temp/UEDPIE_0_Untitled_1.NewWorld:PersistentLevel.GameSession_1 has natively added scene component(s), but none of them were set as the actor's RootComponent - picking one arbitrarily
[2016.06.02-12.07.26:241][479]LogActor:Warning: GameNetworkManager /Temp/UEDPIE_0_Untitled_1.NewWorld:PersistentLevel.GameNetworkManager_1 has natively added scene component(s), but none of them were set as the actor's RootComponent - picking one arbitrarily
[2016.06.02-12.07.26:241][479]LogWorld: Bringing up level for play took: 0.001077
[2016.06.02-12.07.26:254][479]PIE: Info Play in editor start time for /Temp/UEDPIE_0_Untitled_1 -0.571
[2016.06.02-12.07.47:483][ 15]LogParticles: Destroying 0 GPU particle simulations for FXSystem 0x000000000F2872E0
[2016.06.02-12.07.50:379][357]Cmd: CAMERA ALIGN ACTIVEVIEWPORTONLY
[2016.06.02-12.07.51:075][432]Cmd: CAMERA ALIGN ACTIVEVIEWPORTONLY
[2016.06.02-12.07.56:173][ 35]Cmd: CAMERA ALIGN ACTIVEVIEWPORTONLY
[2016.06.02-12.08.12:121][918]LogPlayLevel: PlayLevel: No blueprints needed recompiling
[2016.06.02-12.08.12:121][918]PIE: New page: PIE session: Untitled_1 (Jun 2, 2016, 4:08:12 PM)
[2016.06.02-12.08.12:121][918]LogPlayLevel: Creating play world package: /Temp/UEDPIE_0_Untitled_1
[2016.06.02-12.08.12:123][918]LogPlayLevel: PIE: StaticDuplicateObject took: (0.001462s)
[2016.06.02-12.08.12:123][918]LogAIModule: Creating AISystem for world NewWorld
[2016.06.02-12.08.12:123][918]LogPlayLevel: PIE: World Init took: (0.000597s)
[2016.06.02-12.08.12:123][918]LogPlayLevel: PIE: Created PIE world by copying editor world from /Temp/Untitled_1.NewWorld to /Temp/UEDPIE_0_Untitled_1.NewWorld (0.002215s)
[2016.06.02-12.08.12:137][918]LogInit: XAudio2 using 'Speakers (Conexant HD Audio)' : 2 channels at 44.1 kHz using 16 bits per sample (channel mask 0x3)
[2016.06.02-12.08.12:147][918]LogInit: FAudioDevice initialized.
[2016.06.02-12.08.12:177][918]LogWorld: Game class is 'FirstPersonGameMode_C'
[2016.06.02-12.08.12:179][918]LogWorld: Bringing World /Temp/UEDPIE_0_Untitled_1.NewWorld up for play (max tick rate 0) at 2016.06.02-14.08.12
[2016.06.02-12.08.12:179][918]LogActor:Warning: GameSession /Temp/UEDPIE_0_Untitled_1.NewWorld:PersistentLevel.GameSession_2 has natively added scene component(s), but none of them were set as the actor's RootComponent - picking one arbitrarily
[2016.06.02-12.08.12:179][918]LogActor:Warning: GameNetworkManager /Temp/UEDPIE_0_Untitled_1.NewWorld:PersistentLevel.GameNetworkManager_2 has natively added scene component(s), but none of them were set as the actor's RootComponent - picking one arbitrarily
[2016.06.02-12.08.12:179][918]LogWorld: Bringing up level for play took: 0.001010
[2016.06.02-12.08.12:181][918]PIE: Info Play in editor start time for /Temp/UEDPIE_0_Untitled_1 -0.644
[2016.06.02-12.08.26:368][612]LogParticles: Destroying 0 GPU particle simulations for FXSystem 0x000000002133C4A0
[2016.06.02-12.08.30:017][944]LogLinker:Warning: Asset '../../../Engine/Content/ArtTools/RenderToTexture/Macros/RenderToTextureMacros.uasset' has been saved with empty engine version. The asset will be loaded but may be incompatible.
[2016.06.02-12.08.30:774][944]LogContentBrowser: Native class hierarchy updated for 'BlueprintGraph' in 0.0014 seconds. Added 107 classes and 0 folders.
[2016.06.02-12.08.34:386][105]LogRenderer: Reallocating scene render targets to support 1208x712 (Frame:16852).
[2016.06.02-12.08.48:449][345]LogActorComponent: UnregisterComponent: (/Engine/Transient.ProjectileMovementComponent_40__A6522401) Not registered. Aborting.
[2016.06.02-12.08.48:450][345]LogActorComponent: UnregisterComponent: (/Engine/Transient.CharMoveComp) Not registered. Aborting.
[2016.06.02-12.08.50:524][531]BlueprintLog: New page: Compile FirstPersonCharacter
[2016.06.02-12.08.50:743][531]LogActorComponent: UnregisterComponent: (/Engine/Transient.CharacterMovementComponent_0) Not registered. Aborting.
[2016.06.02-12.08.50:802][531]BlueprintEditorCompileResults: Info [0180.56] Compile of FirstPersonCharacter successful! [in 278 ms]
[2016.06.02-12.08.51:265][559]Cmd: OBJ SAVEPACKAGE PACKAGE="/Game/FirstPersonBP/Blueprints/FirstPersonCharacter" FILE="../../../../../RaftRaptorRavage/Content/FirstPersonBP/Blueprints/FirstPersonCharacter.uasset" SILENT=true
[2016.06.02-12.08.51:415][559]LogSavePackage: Save=143.298615ms
[2016.06.02-12.08.51:415][559]LogSavePackage: Moving '../../../../../RaftRaptorRavage/Saved/FirstPersonCharacter06B357414B54633E067041B06F2FC137.tmp' to '../../../../../RaftRaptorRavage/Content/FirstPersonBP/Blueprints/FirstPersonCharacter.uasset'
[2016.06.02-12.08.51:418][559]LogSavePackage: Total save time: 151.505198ms
[2016.06.02-12.08.51:418][559]LogSavePackage:Display: Finished SavePackage ../../../../../RaftRaptorRavage/Content/FirstPersonBP/Blueprints/FirstPersonCharacter.uasset
[2016.06.02-12.08.51:974][606]LogPlayLevel: PlayLevel: No blueprints needed recompiling
[2016.06.02-12.08.51:975][606]PIE: New page: PIE session: Untitled_1 (Jun 2, 2016, 4:08:51 PM)
[2016.06.02-12.08.51:975][606]LogPlayLevel: Creating play world package: /Temp/UEDPIE_0_Untitled_1
[2016.06.02-12.08.51:976][606]LogPlayLevel: PIE: StaticDuplicateObject took: (0.001537s)
[2016.06.02-12.08.51:977][606]LogAIModule: Creating AISystem for world NewWorld
[2016.06.02-12.08.51:977][606]LogPlayLevel: PIE: World Init took: (0.000539s)
[2016.06.02-12.08.51:977][606]LogPlayLevel: PIE: Created PIE world by copying editor world from /Temp/Untitled_1.NewWorld to /Temp/UEDPIE_0_Untitled_1.NewWorld (0.002240s)
[2016.06.02-12.08.51:977][606]LogActorComponent: UnregisterComponent: (/Engine/Transient.CharMoveComp) Not registered. Aborting.
[2016.06.02-12.08.52:001][606]LogInit: XAudio2 using 'Speakers (Conexant HD Audio)' : 2 channels at 44.1 kHz using 16 bits per sample (channel mask 0x3)
[2016.06.02-12.08.52:011][606]LogInit: FAudioDevice initialized.
[2016.06.02-12.08.52:043][606]LogWorld: Game class is 'FirstPersonGameMode_C'
[2016.06.02-12.08.52:045][606]LogWorld: Bringing World /Temp/UEDPIE_0_Untitled_1.NewWorld up for play (max tick rate 0) at 2016.06.02-14.08.52
[2016.06.02-12.08.52:045][606]LogActor:Warning: GameSession /Temp/UEDPIE_0_Untitled_1.NewWorld:PersistentLevel.GameSession_3 has natively added scene component(s), but none of them were set as the actor's RootComponent - picking one arbitrarily
[2016.06.02-12.08.52:045][606]LogActor:Warning: GameNetworkManager /Temp/UEDPIE_0_Untitled_1.NewWorld:PersistentLevel.GameNetworkManager_3 has natively added scene component(s), but none of them were set as the actor's RootComponent - picking one arbitrarily
[2016.06.02-12.08.52:045][606]LogWorld: Bringing up level for play took: 0.001037
[2016.06.02-12.08.52:047][606]PIE: Info Play in editor start time for /Temp/UEDPIE_0_Untitled_1 -0.777
[2016.06.02-12.09.31:113][112]LogParticles: Destroying 0 GPU particle simulations for FXSystem 0x0000000037BBE520
[2016.06.02-12.10.11:895][ 81]LogPlayLevel: PlayLevel: No blueprints needed recompiling
[2016.06.02-12.10.11:895][ 81]PIE: New page: PIE session: Untitled_1 (Jun 2, 2016, 4:10:11 PM)
[2016.06.02-12.10.11:895][ 81]LogPlayLevel: Creating play world package: /Temp/UEDPIE_0_Untitled_1
[2016.06.02-12.10.11:897][ 81]LogPlayLevel: PIE: StaticDuplicateObject took: (0.001525s)
[2016.06.02-12.10.11:897][ 81]LogAIModule: Creating AISystem for world NewWorld
[2016.06.02-12.10.11:897][ 81]LogPlayLevel: PIE: World Init took: (0.000551s)
[2016.06.02-12.10.11:897][ 81]LogPlayLevel: PIE: Created PIE world by copying editor world from /Temp/Untitled_1.NewWorld to /Temp/UEDPIE_0_Untitled_1.NewWorld (0.002265s)
[2016.06.02-12.10.11:897][ 81]LogActorComponent: UnregisterComponent: (/Engine/Transient.ProjectileMovementComponent_40__A6522401) Not registered. Aborting.
[2016.06.02-12.10.11:897][ 81]LogActorComponent: UnregisterComponent: (/Engine/Transient.CharMoveComp) Not registered. Aborting.
[2016.06.02-12.10.11:928][ 81]LogInit: XAudio2 using 'Speakers (Conexant HD Audio)' : 2 channels at 44.1 kHz using 16 bits per sample (channel mask 0x3)
[2016.06.02-12.10.11:938][ 81]LogInit: FAudioDevice initialized.
[2016.06.02-12.10.11:968][ 81]LogWorld: Game class is 'FirstPersonGameMode_C'
[2016.06.02-12.10.11:970][ 81]LogWorld: Bringing World /Temp/UEDPIE_0_Untitled_1.NewWorld up for play (max tick rate 0) at 2016.06.02-14.10.11
[2016.06.02-12.10.11:970][ 81]LogActor:Warning: GameSession /Temp/UEDPIE_0_Untitled_1.NewWorld:PersistentLevel.GameSession_4 has natively added scene component(s), but none of them were set as the actor's RootComponent - picking one arbitrarily
[2016.06.02-12.10.11:970][ 81]LogActor:Warning: GameNetworkManager /Temp/UEDPIE_0_Untitled_1.NewWorld:PersistentLevel.GameNetworkManager_4 has natively added scene component(s), but none of them were set as the actor's RootComponent - picking one arbitrarily
[2016.06.02-12.10.11:970][ 81]LogWorld: Bringing up level for play took: 0.001042
[2016.06.02-12.10.11:972][ 81]PIE: Info Play in editor start time for /Temp/UEDPIE_0_Untitled_1 -0.852
[2016.06.02-12.10.17:963][792]LogParticles: Destroying 0 GPU particle simulations for FXSystem 0x00000000106107C0
[2016.06.02-12.10.48:581][  4]LogPlayLevel: PlayLevel: No blueprints needed recompiling
[2016.06.02-12.10.48:581][  4]PIE: New page: PIE session: Untitled_1 (Jun 2, 2016, 4:10:48 PM)
[2016.06.02-12.10.48:582][  4]LogPlayLevel: Creating play world package: /Temp/UEDPIE_0_Untitled_1
[2016.06.02-12.10.48:583][  4]LogPlayLevel: PIE: Sta